\BOOKMARK [0][-]{chapter.1}{\376\377\0001\000\040\000D\000a\000t\000a\000\040\000S\000t\000r\000u\000c\000t\000u\000r\000e\000\040\000I\000n\000d\000e\000x}{}% 1
\BOOKMARK [1][-]{section.1.1}{\376\377\0001\000.\0001\000\040\000D\000a\000t\000a\000\040\000S\000t\000r\000u\000c\000t\000u\000r\000e\000s}{chapter.1}% 2
\BOOKMARK [0][-]{chapter.2}{\376\377\0002\000\040\000F\000i\000l\000e\000\040\000I\000n\000d\000e\000x}{}% 3
\BOOKMARK [1][-]{section.2.1}{\376\377\0002\000.\0001\000\040\000F\000i\000l\000e\000\040\000L\000i\000s\000t}{chapter.2}% 4
\BOOKMARK [0][-]{chapter.3}{\376\377\0003\000\040\000D\000a\000t\000a\000\040\000S\000t\000r\000u\000c\000t\000u\000r\000e\000\040\000D\000o\000c\000u\000m\000e\000n\000t\000a\000t\000i\000o\000n}{}% 5
\BOOKMARK [1][-]{section.3.1}{\376\377\0003\000.\0001\000\040\000c\000e\000l\000l\000\040\000S\000t\000r\000u\000c\000t\000\040\000R\000e\000f\000e\000r\000e\000n\000c\000e}{chapter.3}% 6
\BOOKMARK [2][-]{subsection.3.1.1}{\376\377\0003\000.\0001\000.\0001\000\040\000D\000e\000t\000a\000i\000l\000e\000d\000\040\000D\000e\000s\000c\000r\000i\000p\000t\000i\000o\000n}{section.3.1}% 7
\BOOKMARK [2][-]{subsection.3.1.2}{\376\377\0003\000.\0001\000.\0002\000\040\000F\000i\000e\000l\000d\000\040\000D\000o\000c\000u\000m\000e\000n\000t\000a\000t\000i\000o\000n}{section.3.1}% 8
\BOOKMARK [3][-]{subsubsection.3.1.2.1}{\376\377\0003\000.\0001\000.\0002\000.\0001\000\040\000m\000a\000x}{subsection.3.1.2}% 9
\BOOKMARK [3][-]{subsubsection.3.1.2.2}{\376\377\0003\000.\0001\000.\0002\000.\0002\000\040\000m\000i\000n}{subsection.3.1.2}% 10
\BOOKMARK [3][-]{subsubsection.3.1.2.3}{\376\377\0003\000.\0001\000.\0002\000.\0003\000\040\000s\000u\000m}{subsection.3.1.2}% 11
\BOOKMARK [0][-]{chapter.4}{\376\377\0004\000\040\000F\000i\000l\000e\000\040\000D\000o\000c\000u\000m\000e\000n\000t\000a\000t\000i\000o\000n}{}% 12
\BOOKMARK [1][-]{section.4.1}{\376\377\0004\000.\0001\000\040\000s\000r\000c\000/\000a\000r\000v\000o\000r\000e\000.\000c\000\040\000F\000i\000l\000e\000\040\000R\000e\000f\000e\000r\000e\000n\000c\000e}{chapter.4}% 13
\BOOKMARK [2][-]{subsection.4.1.1}{\376\377\0004\000.\0001\000.\0001\000\040\000F\000u\000n\000c\000t\000i\000o\000n\000\040\000D\000o\000c\000u\000m\000e\000n\000t\000a\000t\000i\000o\000n}{section.4.1}% 14
\BOOKMARK [3][-]{subsubsection.4.1.1.1}{\376\377\0004\000.\0001\000.\0001\000.\0001\000\040\000a\000d\000d\000\050\000\051}{subsection.4.1.1}% 15
\BOOKMARK [3][-]{subsubsection.4.1.1.2}{\376\377\0004\000.\0001\000.\0001\000.\0002\000\040\000m\000a\000i\000n\000\050\000\051}{subsection.4.1.1}% 16
\BOOKMARK [3][-]{subsubsection.4.1.1.3}{\376\377\0004\000.\0001\000.\0001\000.\0003\000\040\000s\000u\000b\000\050\000\051}{subsection.4.1.1}% 17
\BOOKMARK [1][-]{section.4.2}{\376\377\0004\000.\0002\000\040\000s\000r\000c\000/\000l\000i\000b\000/\000c\000e\000l\000l\000.\000c\000\040\000F\000i\000l\000e\000\040\000R\000e\000f\000e\000r\000e\000n\000c\000e}{chapter.4}% 18
\BOOKMARK [2][-]{subsection.4.2.1}{\376\377\0004\000.\0002\000.\0001\000\040\000F\000u\000n\000c\000t\000i\000o\000n\000\040\000D\000o\000c\000u\000m\000e\000n\000t\000a\000t\000i\000o\000n}{section.4.2}% 19
\BOOKMARK [3][-]{subsubsection.4.2.1.1}{\376\377\0004\000.\0002\000.\0001\000.\0001\000\040\000C\000e\000l\000l\000\137\000c\000r\000e\000a\000t\000e\000\050\000\051}{subsection.4.2.1}% 20
\BOOKMARK [3][-]{subsubsection.4.2.1.2}{\376\377\0004\000.\0002\000.\0001\000.\0002\000\040\000C\000e\000l\000l\000\137\000d\000e\000s\000t\000r\000o\000y\000\050\000\051}{subsection.4.2.1}% 21
\BOOKMARK [3][-]{subsubsection.4.2.1.3}{\376\377\0004\000.\0002\000.\0001\000.\0003\000\040\000C\000e\000l\000l\000\137\000f\000i\000l\000l\000\050\000\051}{subsection.4.2.1}% 22
\BOOKMARK [3][-]{subsubsection.4.2.1.4}{\376\377\0004\000.\0002\000.\0001\000.\0004\000\040\000C\000e\000l\000l\000\137\000p\000r\000i\000n\000t\000\050\000\051}{subsection.4.2.1}% 23
\BOOKMARK [1][-]{section.4.3}{\376\377\0004\000.\0003\000\040\000s\000r\000c\000/\000l\000i\000b\000/\000c\000e\000l\000l\000.\000h\000\040\000F\000i\000l\000e\000\040\000R\000e\000f\000e\000r\000e\000n\000c\000e}{chapter.4}% 24
\BOOKMARK [2][-]{subsection.4.3.1}{\376\377\0004\000.\0003\000.\0001\000\040\000T\000y\000p\000e\000d\000e\000f\000\040\000D\000o\000c\000u\000m\000e\000n\000t\000a\000t\000i\000o\000n}{section.4.3}% 25
\BOOKMARK [3][-]{subsubsection.4.3.1.1}{\376\377\0004\000.\0003\000.\0001\000.\0001\000\040\000C\000e\000l\000l}{subsection.4.3.1}% 26
\BOOKMARK [2][-]{subsection.4.3.2}{\376\377\0004\000.\0003\000.\0002\000\040\000F\000u\000n\000c\000t\000i\000o\000n\000\040\000D\000o\000c\000u\000m\000e\000n\000t\000a\000t\000i\000o\000n}{section.4.3}% 27
\BOOKMARK [3][-]{subsubsection.4.3.2.1}{\376\377\0004\000.\0003\000.\0002\000.\0001\000\040\000C\000e\000l\000l\000\137\000c\000r\000e\000a\000t\000e\000\050\000\051}{subsection.4.3.2}% 28
\BOOKMARK [3][-]{subsubsection.4.3.2.2}{\376\377\0004\000.\0003\000.\0002\000.\0002\000\040\000C\000e\000l\000l\000\137\000d\000e\000s\000t\000r\000o\000y\000\050\000\051}{subsection.4.3.2}% 29
\BOOKMARK [3][-]{subsubsection.4.3.2.3}{\376\377\0004\000.\0003\000.\0002\000.\0003\000\040\000C\000e\000l\000l\000\137\000f\000i\000l\000l\000\050\000\051}{subsection.4.3.2}% 30
\BOOKMARK [3][-]{subsubsection.4.3.2.4}{\376\377\0004\000.\0003\000.\0002\000.\0004\000\040\000C\000e\000l\000l\000\137\000p\000r\000i\000n\000t\000\050\000\051}{subsection.4.3.2}% 31
\BOOKMARK [1][-]{section.4.4}{\376\377\0004\000.\0004\000\040\000s\000r\000c\000/\000l\000i\000b\000/\000m\000a\000t\000r\000i\000x\000.\000c\000\040\000F\000i\000l\000e\000\040\000R\000e\000f\000e\000r\000e\000n\000c\000e}{chapter.4}% 32
\BOOKMARK [2][-]{subsection.4.4.1}{\376\377\0004\000.\0004\000.\0001\000\040\000F\000u\000n\000c\000t\000i\000o\000n\000\040\000D\000o\000c\000u\000m\000e\000n\000t\000a\000t\000i\000o\000n}{section.4.4}% 33
\BOOKMARK [3][-]{subsubsection.4.4.1.1}{\376\377\0004\000.\0004\000.\0001\000.\0001\000\040\000M\000a\000t\000r\000i\000x\000\137\000c\000r\000e\000a\000t\000e\000\050\000\051}{subsection.4.4.1}% 34
\BOOKMARK [3][-]{subsubsection.4.4.1.2}{\376\377\0004\000.\0004\000.\0001\000.\0002\000\040\000M\000a\000t\000r\000i\000x\000\137\000d\000e\000s\000t\000r\000o\000y\000\050\000\051}{subsection.4.4.1}% 35
\BOOKMARK [3][-]{subsubsection.4.4.1.3}{\376\377\0004\000.\0004\000.\0001\000.\0003\000\040\000M\000a\000t\000r\000i\000x\000\137\000f\000i\000l\000l\000\050\000\051}{subsection.4.4.1}% 36
\BOOKMARK [3][-]{subsubsection.4.4.1.4}{\376\377\0004\000.\0004\000.\0001\000.\0004\000\040\000M\000a\000t\000r\000i\000x\000\137\000p\000r\000i\000n\000t\000\050\000\051}{subsection.4.4.1}% 37
\BOOKMARK [1][-]{section.4.5}{\376\377\0004\000.\0005\000\040\000s\000r\000c\000/\000l\000i\000b\000/\000m\000a\000t\000r\000i\000x\000.\000h\000\040\000F\000i\000l\000e\000\040\000R\000e\000f\000e\000r\000e\000n\000c\000e}{chapter.4}% 38
\BOOKMARK [2][-]{subsection.4.5.1}{\376\377\0004\000.\0005\000.\0001\000\040\000F\000u\000n\000c\000t\000i\000o\000n\000\040\000D\000o\000c\000u\000m\000e\000n\000t\000a\000t\000i\000o\000n}{section.4.5}% 39
\BOOKMARK [3][-]{subsubsection.4.5.1.1}{\376\377\0004\000.\0005\000.\0001\000.\0001\000\040\000M\000a\000t\000r\000i\000x\000\137\000c\000r\000e\000a\000t\000e\000\050\000\051}{subsection.4.5.1}% 40
\BOOKMARK [3][-]{subsubsection.4.5.1.2}{\376\377\0004\000.\0005\000.\0001\000.\0002\000\040\000M\000a\000t\000r\000i\000x\000\137\000d\000e\000s\000t\000r\000o\000y\000\050\000\051}{subsection.4.5.1}% 41
\BOOKMARK [3][-]{subsubsection.4.5.1.3}{\376\377\0004\000.\0005\000.\0001\000.\0003\000\040\000M\000a\000t\000r\000i\000x\000\137\000f\000i\000l\000l\000\050\000\051}{subsection.4.5.1}% 42
\BOOKMARK [3][-]{subsubsection.4.5.1.4}{\376\377\0004\000.\0005\000.\0001\000.\0004\000\040\000M\000a\000t\000r\000i\000x\000\137\000p\000r\000i\000n\000t\000\050\000\051}{subsection.4.5.1}% 43
\BOOKMARK [1][-]{section.4.6}{\376\377\0004\000.\0006\000\040\000s\000r\000c\000/\000l\000i\000b\000/\000s\000e\000g\000t\000r\000e\000e\000.\000c\000\040\000F\000i\000l\000e\000\040\000R\000e\000f\000e\000r\000e\000n\000c\000e}{chapter.4}% 44
\BOOKMARK [2][-]{subsection.4.6.1}{\376\377\0004\000.\0006\000.\0001\000\040\000F\000u\000n\000c\000t\000i\000o\000n\000\040\000D\000o\000c\000u\000m\000e\000n\000t\000a\000t\000i\000o\000n}{section.4.6}% 45
\BOOKMARK [3][-]{subsubsection.4.6.1.1}{\376\377\0004\000.\0006\000.\0001\000.\0001\000\040\000S\000e\000g\000T\000r\000e\000e\000\137\000c\000o\000n\000s\000t\000r\000u\000c\000t\000\050\000\051}{subsection.4.6.1}% 46
\BOOKMARK [3][-]{subsubsection.4.6.1.2}{\376\377\0004\000.\0006\000.\0001\000.\0002\000\040\000S\000e\000g\000T\000r\000e\000e\000\137\000c\000r\000e\000a\000t\000e\000\050\000\051}{subsection.4.6.1}% 47
\BOOKMARK [3][-]{subsubsection.4.6.1.3}{\376\377\0004\000.\0006\000.\0001\000.\0003\000\040\000S\000e\000g\000T\000r\000e\000e\000\137\000d\000e\000s\000t\000r\000o\000y\000\050\000\051}{subsection.4.6.1}% 48
\BOOKMARK [3][-]{subsubsection.4.6.1.4}{\376\377\0004\000.\0006\000.\0001\000.\0004\000\040\000S\000e\000g\000T\000r\000e\000e\000\137\000q\000u\000e\000r\000y\000\050\000\051}{subsection.4.6.1}% 49
\BOOKMARK [3][-]{subsubsection.4.6.1.5}{\376\377\0004\000.\0006\000.\0001\000.\0005\000\040\000S\000e\000g\000T\000r\000e\000e\000\137\000r\000a\000n\000g\000e\000Q\000u\000e\000r\000y\000\050\000\051}{subsection.4.6.1}% 50
\BOOKMARK [3][-]{subsubsection.4.6.1.6}{\376\377\0004\000.\0006\000.\0001\000.\0006\000\040\000S\000e\000g\000T\000r\000e\000e\000\137\000r\000a\000n\000g\000e\000U\000p\000d\000a\000t\000e\000\050\000\051}{subsection.4.6.1}% 51
\BOOKMARK [3][-]{subsubsection.4.6.1.7}{\376\377\0004\000.\0006\000.\0001\000.\0007\000\040\000S\000e\000g\000T\000r\000e\000e\000\137\000s\000i\000z\000e\000\050\000\051}{subsection.4.6.1}% 52
\BOOKMARK [3][-]{subsubsection.4.6.1.8}{\376\377\0004\000.\0006\000.\0001\000.\0008\000\040\000S\000e\000g\000T\000r\000e\000e\000\137\000u\000p\000d\000a\000t\000e\000\050\000\051}{subsection.4.6.1}% 53
\BOOKMARK [1][-]{section.4.7}{\376\377\0004\000.\0007\000\040\000s\000r\000c\000/\000l\000i\000b\000/\000s\000e\000g\000t\000r\000e\000e\000.\000h\000\040\000F\000i\000l\000e\000\040\000R\000e\000f\000e\000r\000e\000n\000c\000e}{chapter.4}% 54
\BOOKMARK [2][-]{subsection.4.7.1}{\376\377\0004\000.\0007\000.\0001\000\040\000F\000u\000n\000c\000t\000i\000o\000n\000\040\000D\000o\000c\000u\000m\000e\000n\000t\000a\000t\000i\000o\000n}{section.4.7}% 55
\BOOKMARK [3][-]{subsubsection.4.7.1.1}{\376\377\0004\000.\0007\000.\0001\000.\0001\000\040\000S\000e\000g\000T\000r\000e\000e\000\137\000c\000o\000n\000s\000t\000r\000u\000c\000t\000\050\000\051}{subsection.4.7.1}% 56
\BOOKMARK [3][-]{subsubsection.4.7.1.2}{\376\377\0004\000.\0007\000.\0001\000.\0002\000\040\000S\000e\000g\000T\000r\000e\000e\000\137\000c\000r\000e\000a\000t\000e\000\050\000\051}{subsection.4.7.1}% 57
\BOOKMARK [3][-]{subsubsection.4.7.1.3}{\376\377\0004\000.\0007\000.\0001\000.\0003\000\040\000S\000e\000g\000T\000r\000e\000e\000\137\000d\000e\000s\000t\000r\000o\000y\000\050\000\051}{subsection.4.7.1}% 58
\BOOKMARK [3][-]{subsubsection.4.7.1.4}{\376\377\0004\000.\0007\000.\0001\000.\0004\000\040\000S\000e\000g\000T\000r\000e\000e\000\137\000q\000u\000e\000r\000y\000\050\000\051}{subsection.4.7.1}% 59
\BOOKMARK [3][-]{subsubsection.4.7.1.5}{\376\377\0004\000.\0007\000.\0001\000.\0005\000\040\000S\000e\000g\000T\000r\000e\000e\000\137\000r\000a\000n\000g\000e\000Q\000u\000e\000r\000y\000\050\000\051}{subsection.4.7.1}% 60
\BOOKMARK [3][-]{subsubsection.4.7.1.6}{\376\377\0004\000.\0007\000.\0001\000.\0006\000\040\000S\000e\000g\000T\000r\000e\000e\000\137\000r\000a\000n\000g\000e\000U\000p\000d\000a\000t\000e\000\050\000\051}{subsection.4.7.1}% 61
\BOOKMARK [3][-]{subsubsection.4.7.1.7}{\376\377\0004\000.\0007\000.\0001\000.\0007\000\040\000S\000e\000g\000T\000r\000e\000e\000\137\000s\000i\000z\000e\000\050\000\051}{subsection.4.7.1}% 62
\BOOKMARK [3][-]{subsubsection.4.7.1.8}{\376\377\0004\000.\0007\000.\0001\000.\0008\000\040\000S\000e\000g\000T\000r\000e\000e\000\137\000u\000p\000d\000a\000t\000e\000\050\000\051}{subsection.4.7.1}% 63
\BOOKMARK [1][-]{section.4.8}{\376\377\0004\000.\0008\000\040\000s\000r\000c\000/\000m\000a\000t\000r\000i\000z\000.\000c\000\040\000F\000i\000l\000e\000\040\000R\000e\000f\000e\000r\000e\000n\000c\000e}{chapter.4}% 64
\BOOKMARK [2][-]{subsection.4.8.1}{\376\377\0004\000.\0008\000.\0001\000\040\000F\000u\000n\000c\000t\000i\000o\000n\000\040\000D\000o\000c\000u\000m\000e\000n\000t\000a\000t\000i\000o\000n}{section.4.8}% 65
\BOOKMARK [3][-]{subsubsection.4.8.1.1}{\376\377\0004\000.\0008\000.\0001\000.\0001\000\040\000m\000a\000i\000n\000\050\000\051}{subsection.4.8.1}% 66
\BOOKMARK [0][-]{section*.13}{\376\377\000I\000n\000d\000e\000x}{}% 67
